<?xml version="1.0" encoding="UTF-8"?>
<robot generator="Robot 4.1 (Python 3.8.10 on linux)" generated="20210824 16:25:25.007" rpa="false" schemaversion="2">
<suite id="s1" name="SuitsTest" source="/home/etenorio/Área de Trabalho/robot/SuitsTest">
<suite id="s1-s1" name="Test" source="/home/etenorio/Área de Trabalho/robot/SuitsTest/test">
<suite id="s1-s1-s1" name="testSitePratice" source="/home/etenorio/Área de Trabalho/robot/SuitsTest/test/testSitePratice.robot">
<test id="s1-s1-s1-t1" name="Caso de teste 01: Pesquisar produto existente">
<kw name="AbrirNavegador" library="Resource" type="SETUP">
<kw name="Open Browser" library="SeleniumLibrary">
<arg>http://automationpractice.com/index.php</arg>
<arg>${BROWSER}</arg>
<doc>Opens a new browser instance to the optional ``url``.</doc>
<msg timestamp="20210824 16:25:25.206" level="INFO">Opening browser 'chrome' to base url 'http://automationpractice.com/index.php'.</msg>
<status status="PASS" starttime="20210824 16:25:25.205" endtime="20210824 16:25:32.118"/>
</kw>
<status status="PASS" starttime="20210824 16:25:25.205" endtime="20210824 16:25:32.119"/>
</kw>
<kw name="Acessar página home do site" library="Resource">
<kw name="Title Should Be" library="SeleniumLibrary">
<arg>My Store</arg>
<doc>Verifies that the current page title equals ``title``.</doc>
<msg timestamp="20210824 16:25:32.145" level="INFO">Page title is 'My Store'.</msg>
<status status="PASS" starttime="20210824 16:25:32.121" endtime="20210824 16:25:32.145"/>
</kw>
<status status="PASS" starttime="20210824 16:25:32.119" endtime="20210824 16:25:32.146"/>
</kw>
<kw name="Digitar o nome de produto &quot;Blouse&quot; no campo de pesquisa" library="Resource" sourcename="Digitar o nome de produto &quot;${produto}&quot; no campo de pesquisa">
<kw name="Input Text" library="SeleniumLibrary">
<arg>id=search_query_top</arg>
<arg>${produto}</arg>
<doc>Types the given ``text`` into the text field identified by ``locator``.</doc>
<msg timestamp="20210824 16:25:32.148" level="INFO">Typing text 'Blouse' into text field 'id=search_query_top'.</msg>
<status status="PASS" starttime="20210824 16:25:32.147" endtime="20210824 16:25:32.351"/>
</kw>
<status status="PASS" starttime="20210824 16:25:32.146" endtime="20210824 16:25:32.353"/>
</kw>
<kw name="Clicar no botão de pesquisar" library="Resource">
<kw name="Click Element" library="SeleniumLibrary">
<arg>name=submit_search</arg>
<doc>Click the element identified by ``locator``.</doc>
<msg timestamp="20210824 16:25:32.357" level="INFO">Clicking element 'name=submit_search'.</msg>
<status status="PASS" starttime="20210824 16:25:32.357" endtime="20210824 16:25:32.512"/>
</kw>
<status status="PASS" starttime="20210824 16:25:32.356" endtime="20210824 16:25:32.513"/>
</kw>
<kw name="Conferir se o produto &quot;Blouse&quot; foi listado no site" library="Resource">
<kw name="Wait Until Element Is Visible" library="SeleniumLibrary">
<arg>css=#center_column &gt; h1</arg>
<doc>Waits until the element ``locator`` is visible.</doc>
<status status="PASS" starttime="20210824 16:25:32.515" endtime="20210824 16:25:33.756"/>
</kw>
<kw name="Title Should Be" library="SeleniumLibrary">
<arg>Search - My Store</arg>
<doc>Verifies that the current page title equals ``title``.</doc>
<msg timestamp="20210824 16:25:33.760" level="INFO">Page title is 'Search - My Store'.</msg>
<status status="PASS" starttime="20210824 16:25:33.756" endtime="20210824 16:25:33.760"/>
</kw>
<kw name="Page Should Contain Image" library="SeleniumLibrary">
<arg>xpath=//*[@id="center_column"]/ul/li/div/div[1]/div/a[1]/img</arg>
<doc>Verifies image identified by ``locator`` is found from current page.</doc>
<msg timestamp="20210824 16:25:33.775" level="INFO">Current page contains image 'xpath=//*[@id="center_column"]/ul/li/div/div[1]/div/a[1]/img'.</msg>
<status status="PASS" starttime="20210824 16:25:33.760" endtime="20210824 16:25:33.775"/>
</kw>
<kw name="Page Should Contain Link" library="SeleniumLibrary">
<arg>xpath=//*[@id="center_column"]/ul/li/div/div[2]/h5/a</arg>
<doc>Verifies link identified by ``locator`` is found from current page.</doc>
<msg timestamp="20210824 16:25:33.788" level="INFO">Current page contains link 'xpath=//*[@id="center_column"]/ul/li/div/div[2]/h5/a'.</msg>
<status status="PASS" starttime="20210824 16:25:33.775" endtime="20210824 16:25:33.789"/>
</kw>
<status status="PASS" starttime="20210824 16:25:32.514" endtime="20210824 16:25:33.789"/>
</kw>
<kw name="FecharNavegador" library="Resource" type="TEARDOWN">
<kw name="Close Browser" library="SeleniumLibrary">
<doc>Closes the current browser.</doc>
<status status="PASS" starttime="20210824 16:25:33.790" endtime="20210824 16:25:33.853"/>
</kw>
<status status="PASS" starttime="20210824 16:25:33.789" endtime="20210824 16:25:33.854"/>
</kw>
<status status="PASS" starttime="20210824 16:25:25.204" endtime="20210824 16:25:33.855"/>
</test>
<test id="s1-s1-s1-t2" name="Caso de teste 02: Pesquisar produto não existente">
<kw name="AbrirNavegador" library="Resource" type="SETUP">
<kw name="Open Browser" library="SeleniumLibrary">
<arg>http://automationpractice.com/index.php</arg>
<arg>${BROWSER}</arg>
<doc>Opens a new browser instance to the optional ``url``.</doc>
<msg timestamp="20210824 16:25:33.859" level="INFO">Opening browser 'chrome' to base url 'http://automationpractice.com/index.php'.</msg>
<status status="PASS" starttime="20210824 16:25:33.858" endtime="20210824 16:25:40.240"/>
</kw>
<status status="PASS" starttime="20210824 16:25:33.857" endtime="20210824 16:25:40.240"/>
</kw>
<kw name="Acessar página home do site" library="Resource">
<kw name="Title Should Be" library="SeleniumLibrary">
<arg>My Store</arg>
<doc>Verifies that the current page title equals ``title``.</doc>
<msg timestamp="20210824 16:25:40.253" level="INFO">Page title is 'My Store'.</msg>
<status status="PASS" starttime="20210824 16:25:40.241" endtime="20210824 16:25:40.254"/>
</kw>
<status status="PASS" starttime="20210824 16:25:40.240" endtime="20210824 16:25:40.254"/>
</kw>
<kw name="Digitar o nome de produto &quot;produtoNãoExistente&quot; no campo de pesquisa" library="Resource" sourcename="Digitar o nome de produto &quot;${produto}&quot; no campo de pesquisa">
<kw name="Input Text" library="SeleniumLibrary">
<arg>id=search_query_top</arg>
<arg>${produto}</arg>
<doc>Types the given ``text`` into the text field identified by ``locator``.</doc>
<msg timestamp="20210824 16:25:40.256" level="INFO">Typing text 'produtoNãoExistente' into text field 'id=search_query_top'.</msg>
<status status="PASS" starttime="20210824 16:25:40.255" endtime="20210824 16:25:40.375"/>
</kw>
<status status="PASS" starttime="20210824 16:25:40.254" endtime="20210824 16:25:40.375"/>
</kw>
<kw name="Clicar no botão de pesquisar" library="Resource">
<kw name="Click Element" library="SeleniumLibrary">
<arg>name=submit_search</arg>
<doc>Click the element identified by ``locator``.</doc>
<msg timestamp="20210824 16:25:40.375" level="INFO">Clicking element 'name=submit_search'.</msg>
<status status="PASS" starttime="20210824 16:25:40.375" endtime="20210824 16:25:40.470"/>
</kw>
<status status="PASS" starttime="20210824 16:25:40.375" endtime="20210824 16:25:40.470"/>
</kw>
<kw name="Conferir mensagem de erro &quot;No results were found for your search &quot;produtoNãoExistente&quot;&quot;" library="Resource" sourcename="Conferir mensagem de erro &quot;${mensagem_alert}&quot;">
<kw name="Wait Until Element Is Visible" library="SeleniumLibrary">
<arg>//*[@id="center_column"]/p[@class='alert alert-warning']</arg>
<doc>Waits until the element ``locator`` is visible.</doc>
<status status="PASS" starttime="20210824 16:25:40.471" endtime="20210824 16:25:41.882"/>
</kw>
<kw name="Element Text Should Be" library="SeleniumLibrary">
<arg>//*[@id="center_column"]/p[@class='alert alert-warning']</arg>
<arg>${mensagem_alert}</arg>
<doc>Verifies that element ``locator`` contains exact the text ``expected``.</doc>
<msg timestamp="20210824 16:25:41.882" level="INFO">Verifying element '//*[@id="center_column"]/p[@class='alert alert-warning']' contains exact text 'No results were found for your search "produtoNãoExistente"'.</msg>
<status status="PASS" starttime="20210824 16:25:41.882" endtime="20210824 16:25:41.902"/>
</kw>
<status status="PASS" starttime="20210824 16:25:40.470" endtime="20210824 16:25:41.903"/>
</kw>
<kw name="FecharNavegador" library="Resource" type="TEARDOWN">
<kw name="Close Browser" library="SeleniumLibrary">
<doc>Closes the current browser.</doc>
<status status="PASS" starttime="20210824 16:25:41.904" endtime="20210824 16:25:41.966"/>
</kw>
<status status="PASS" starttime="20210824 16:25:41.903" endtime="20210824 16:25:41.967"/>
</kw>
<status status="PASS" starttime="20210824 16:25:33.856" endtime="20210824 16:25:41.967"/>
</test>
<status status="PASS" starttime="20210824 16:25:25.038" endtime="20210824 16:25:41.969"/>
</suite>
<status status="PASS" starttime="20210824 16:25:25.034" endtime="20210824 16:25:41.972"/>
</suite>
<status status="PASS" starttime="20210824 16:25:25.008" endtime="20210824 16:25:41.974"/>
</suite>
<statistics>
<total>
<stat pass="2" fail="0" skip="0">All Tests</stat>
</total>
<tag>
</tag>
<suite>
<stat pass="2" fail="0" skip="0" id="s1" name="SuitsTest">SuitsTest</stat>
<stat pass="2" fail="0" skip="0" id="s1-s1" name="Test">SuitsTest.Test</stat>
<stat pass="2" fail="0" skip="0" id="s1-s1-s1" name="testSitePratice">SuitsTest.Test.testSitePratice</stat>
</suite>
</statistics>
<errors>
</errors>
</robot>
