<?xml version="1.0" encoding="UTF-8"?>
<robot generator="Robot 3.2.2 (Python 3.9.2 on win32)" generated="20210603 16:54:43.964" rpa="false">
<suite id="s1" name="testSitePratice" source="C:\Users\emers\Desktop\robot\SuitsTest\test\testSitePratice.robot">
<test id="s1-t1" name="Caso de teste 01: Pesquisar produto existente">
<kw name="AbrirNavegador" library="Resource" type="setup">
<kw name="Open Browser" library="SeleniumLibrary">
<doc>Opens a new browser instance to the optional ``url``.</doc>
<arguments>
<arg>http://automationpractice.com/index.php</arg>
<arg>${BROWSER}</arg>
</arguments>
<msg timestamp="20210603 16:54:44.182" level="INFO">Opening browser 'chrome firefox' to base url 'http://automationpractice.com/index.php'.</msg>
<kw name="Capture Page Screenshot" library="SeleniumLibrary">
<doc>Takes a screenshot of the current page and embeds it into a log file.</doc>
<msg timestamp="20210603 16:54:44.182" level="INFO">Cannot capture screenshot because no browser is open.</msg>
<status status="PASS" starttime="20210603 16:54:44.182" endtime="20210603 16:54:44.182"></status>
</kw>
<msg timestamp="20210603 16:54:44.184" level="FAIL">ValueError: chromefirefox is not a supported browser.</msg>
<status status="FAIL" starttime="20210603 16:54:44.181" endtime="20210603 16:54:44.184"></status>
</kw>
<status status="FAIL" starttime="20210603 16:54:44.181" endtime="20210603 16:54:44.184"></status>
</kw>
<kw name="FecharNavegador" library="Resource" type="teardown">
<kw name="Close Browser" library="SeleniumLibrary">
<doc>Closes the current browser.</doc>
<status status="PASS" starttime="20210603 16:54:44.185" endtime="20210603 16:54:44.185"></status>
</kw>
<status status="PASS" starttime="20210603 16:54:44.184" endtime="20210603 16:54:44.185"></status>
</kw>
<status status="FAIL" starttime="20210603 16:54:44.180" endtime="20210603 16:54:44.185" critical="yes">Setup failed:
ValueError: chromefirefox is not a supported browser.</status>
</test>
<test id="s1-t2" name="Caso de teste 02: Pesquisar produto não existente">
<kw name="AbrirNavegador" library="Resource" type="setup">
<kw name="Open Browser" library="SeleniumLibrary">
<doc>Opens a new browser instance to the optional ``url``.</doc>
<arguments>
<arg>http://automationpractice.com/index.php</arg>
<arg>${BROWSER}</arg>
</arguments>
<msg timestamp="20210603 16:54:44.189" level="INFO">Opening browser 'chrome firefox' to base url 'http://automationpractice.com/index.php'.</msg>
<kw name="Capture Page Screenshot" library="SeleniumLibrary">
<doc>Takes a screenshot of the current page and embeds it into a log file.</doc>
<msg timestamp="20210603 16:54:44.189" level="INFO">Cannot capture screenshot because no browser is open.</msg>
<status status="PASS" starttime="20210603 16:54:44.189" endtime="20210603 16:54:44.189"></status>
</kw>
<msg timestamp="20210603 16:54:44.190" level="FAIL">ValueError: chromefirefox is not a supported browser.</msg>
<status status="FAIL" starttime="20210603 16:54:44.188" endtime="20210603 16:54:44.190"></status>
</kw>
<status status="FAIL" starttime="20210603 16:54:44.188" endtime="20210603 16:54:44.190"></status>
</kw>
<kw name="FecharNavegador" library="Resource" type="teardown">
<kw name="Close Browser" library="SeleniumLibrary">
<doc>Closes the current browser.</doc>
<status status="PASS" starttime="20210603 16:54:44.191" endtime="20210603 16:54:44.191"></status>
</kw>
<status status="PASS" starttime="20210603 16:54:44.191" endtime="20210603 16:54:44.191"></status>
</kw>
<status status="FAIL" starttime="20210603 16:54:44.187" endtime="20210603 16:54:44.192" critical="yes">Setup failed:
ValueError: chromefirefox is not a supported browser.</status>
</test>
<status status="FAIL" starttime="20210603 16:54:43.965" endtime="20210603 16:54:44.194"></status>
</suite>
<statistics>
<total>
<stat pass="0" fail="2">Critical Tests</stat>
<stat pass="0" fail="2">All Tests</stat>
</total>
<tag>
</tag>
<suite>
<stat pass="0" fail="2" id="s1" name="testSitePratice">testSitePratice</stat>
</suite>
</statistics>
<errors>
</errors>
</robot>
