<?xml version="1.0" encoding="UTF-8"?>
<robot generator="Robot 4.1 (Python 3.8.10 on linux)" generated="20210929 13:02:12.572" rpa="false" schemaversion="2">
<suite id="s1" name="Test" source="/home/etenorio/Área de Trabalho/robot/SuitsTest/resource/test/test.robot">
<test id="s1-t1" name="test: 01">
<kw name="Open Browser" library="SeleniumLibrary">
<arg>${URL}</arg>
<arg>${BROWSER}</arg>
<doc>Opens a new browser instance to the optional ``url``.</doc>
<msg timestamp="20210929 13:02:12.720" level="INFO">Opening browser 'chrome' to base url 'http://www.practiceselenium.com/practice-form.html'.</msg>
<status status="PASS" starttime="20210929 13:02:12.720" endtime="20210929 13:02:15.814"/>
</kw>
<kw name="Maximize Browser Window" library="SeleniumLibrary">
<doc>Maximizes current browser window.</doc>
<status status="PASS" starttime="20210929 13:02:15.815" endtime="20210929 13:02:15.928"/>
</kw>
<kw name="Select From List By Index" library="SeleniumLibrary">
<arg>name=continents</arg>
<arg>3</arg>
<doc>Selects options from selection list ``locator`` by ``indexes``.</doc>
<msg timestamp="20210929 13:02:15.929" level="INFO">Selecting options from selection list 'name=continents' by index 3.</msg>
<status status="PASS" starttime="20210929 13:02:15.928" endtime="20210929 13:02:16.088"/>
</kw>
<kw name="Sleep" library="BuiltIn">
<arg>10</arg>
<doc>Pauses the test executed for the given time.</doc>
<msg timestamp="20210929 13:02:26.089" level="INFO">Slept 10 seconds</msg>
<status status="PASS" starttime="20210929 13:02:16.088" endtime="20210929 13:02:26.089"/>
</kw>
<kw name="Close Browser" library="SeleniumLibrary">
<doc>Closes the current browser.</doc>
<status status="PASS" starttime="20210929 13:02:26.089" endtime="20210929 13:02:26.148"/>
</kw>
<status status="PASS" starttime="20210929 13:02:12.719" endtime="20210929 13:02:26.149"/>
</test>
<status status="PASS" starttime="20210929 13:02:12.573" endtime="20210929 13:02:26.150"/>
</suite>
<statistics>
<total>
<stat pass="1" fail="0" skip="0">All Tests</stat>
</total>
<tag>
</tag>
<suite>
<stat pass="1" fail="0" skip="0" id="s1" name="Test">Test</stat>
</suite>
</statistics>
<errors>
</errors>
</robot>
