<?xml version="1.0" encoding="UTF-8"?>
<robot generator="Robot 4.1 (Python 3.8.10 on linux)" generated="20210817 18:33:59.807" rpa="false" schemaversion="2">
<suite id="s1" name="testSitePratice" source="/home/etenorio/Área de Trabalho/robot/SuitsTest/test/testSitePratice.robot">
<test id="s1-t1" name="Caso de teste 01: Pesquisar produto existente">
<kw name="AbrirNavegador" library="Resource" type="SETUP">
<kw name="Open Browser" library="SeleniumLibrary">
<arg>http://automationpractice.com/index.php</arg>
<arg>${BROWSER}</arg>
<doc>Opens a new browser instance to the optional ``url``.</doc>
<msg timestamp="20210817 18:33:59.943" level="INFO">Opening browser 'chrome' to base url 'http://automationpractice.com/index.php'.</msg>
<status status="PASS" starttime="20210817 18:33:59.943" endtime="20210817 18:34:06.572"/>
</kw>
<status status="PASS" starttime="20210817 18:33:59.942" endtime="20210817 18:34:06.572"/>
</kw>
<kw name="Acessar página home do site" library="Resource">
<kw name="Title Should Be" library="SeleniumLibrary">
<arg>My Store</arg>
<doc>Verifies that the current page title equals ``title``.</doc>
<msg timestamp="20210817 18:34:06.577" level="INFO">Page title is 'My Store'.</msg>
<status status="PASS" starttime="20210817 18:34:06.573" endtime="20210817 18:34:06.577"/>
</kw>
<status status="PASS" starttime="20210817 18:34:06.572" endtime="20210817 18:34:06.578"/>
</kw>
<kw name="Digitar o nome de produto &quot;Blouse&quot; no campo de pesquisa" library="Resource" sourcename="Digitar o nome de produto &quot;${produto}&quot; no campo de pesquisa">
<kw name="Input Text" library="SeleniumLibrary">
<arg>id=search_query_top</arg>
<arg>${produto}</arg>
<doc>Types the given ``text`` into the text field identified by ``locator``.</doc>
<msg timestamp="20210817 18:34:06.579" level="INFO">Typing text 'Blouse' into text field 'id=search_query_top'.</msg>
<status status="PASS" starttime="20210817 18:34:06.578" endtime="20210817 18:34:06.655"/>
</kw>
<status status="PASS" starttime="20210817 18:34:06.578" endtime="20210817 18:34:06.656"/>
</kw>
<kw name="Clicar no botão de pesquisar" library="Resource">
<kw name="Click Element" library="SeleniumLibrary">
<arg>name=submit_search</arg>
<doc>Click the element identified by ``locator``.</doc>
<msg timestamp="20210817 18:34:06.657" level="INFO">Clicking element 'name=submit_search'.</msg>
<status status="PASS" starttime="20210817 18:34:06.657" endtime="20210817 18:34:08.850"/>
</kw>
<status status="PASS" starttime="20210817 18:34:06.656" endtime="20210817 18:34:08.851"/>
</kw>
<kw name="Conferir se o produto &quot;Blouse&quot; foi listado no site" library="Resource">
<kw name="Wait Until Element Is Visible" library="SeleniumLibrary">
<arg>css=#center_column &gt; h1</arg>
<doc>Waits until the element ``locator`` is visible.</doc>
<status status="PASS" starttime="20210817 18:34:08.851" endtime="20210817 18:34:08.874"/>
</kw>
<kw name="Title Should Be" library="SeleniumLibrary">
<arg>Search - My Store</arg>
<doc>Verifies that the current page title equals ``title``.</doc>
<msg timestamp="20210817 18:34:08.881" level="INFO">Page title is 'Search - My Store'.</msg>
<status status="PASS" starttime="20210817 18:34:08.874" endtime="20210817 18:34:08.881"/>
</kw>
<kw name="Page Should Contain Image" library="SeleniumLibrary">
<arg>xpath=//*[@id="center_column"]/ul/li/div/div[1]/div/a[1]/img</arg>
<doc>Verifies image identified by ``locator`` is found from current page.</doc>
<msg timestamp="20210817 18:34:08.895" level="INFO">Current page contains image 'xpath=//*[@id="center_column"]/ul/li/div/div[1]/div/a[1]/img'.</msg>
<status status="PASS" starttime="20210817 18:34:08.881" endtime="20210817 18:34:08.895"/>
</kw>
<kw name="Page Should Contain Link" library="SeleniumLibrary">
<arg>xpath=//*[@id="center_column"]/ul/li/div/div[2]/h5/a</arg>
<doc>Verifies link identified by ``locator`` is found from current page.</doc>
<msg timestamp="20210817 18:34:08.907" level="INFO">Current page contains link 'xpath=//*[@id="center_column"]/ul/li/div/div[2]/h5/a'.</msg>
<status status="PASS" starttime="20210817 18:34:08.896" endtime="20210817 18:34:08.908"/>
</kw>
<status status="PASS" starttime="20210817 18:34:08.851" endtime="20210817 18:34:08.908"/>
</kw>
<kw name="FecharNavegador" library="Resource" type="TEARDOWN">
<kw name="Close Browser" library="SeleniumLibrary">
<doc>Closes the current browser.</doc>
<status status="PASS" starttime="20210817 18:34:08.908" endtime="20210817 18:34:08.966"/>
</kw>
<status status="PASS" starttime="20210817 18:34:08.908" endtime="20210817 18:34:08.966"/>
</kw>
<status status="PASS" starttime="20210817 18:33:59.942" endtime="20210817 18:34:08.966"/>
</test>
<test id="s1-t2" name="Caso de teste 02: Pesquisar produto não existente">
<kw name="AbrirNavegador" library="Resource" type="SETUP">
<kw name="Open Browser" library="SeleniumLibrary">
<arg>http://automationpractice.com/index.php</arg>
<arg>${BROWSER}</arg>
<doc>Opens a new browser instance to the optional ``url``.</doc>
<msg timestamp="20210817 18:34:08.969" level="INFO">Opening browser 'chrome' to base url 'http://automationpractice.com/index.php'.</msg>
<status status="PASS" starttime="20210817 18:34:08.968" endtime="20210817 18:34:17.406"/>
</kw>
<status status="PASS" starttime="20210817 18:34:08.968" endtime="20210817 18:34:17.407"/>
</kw>
<kw name="Acessar página home do site" library="Resource">
<kw name="Title Should Be" library="SeleniumLibrary">
<arg>My Store</arg>
<doc>Verifies that the current page title equals ``title``.</doc>
<msg timestamp="20210817 18:34:17.419" level="INFO">Page title is 'My Store'.</msg>
<status status="PASS" starttime="20210817 18:34:17.409" endtime="20210817 18:34:17.419"/>
</kw>
<status status="PASS" starttime="20210817 18:34:17.408" endtime="20210817 18:34:17.419"/>
</kw>
<kw name="Digitar o nome de produto &quot;produtoNãoExistente&quot; no campo de pesquisa" library="Resource" sourcename="Digitar o nome de produto &quot;${produto}&quot; no campo de pesquisa">
<kw name="Input Text" library="SeleniumLibrary">
<arg>id=search_query_top</arg>
<arg>${produto}</arg>
<doc>Types the given ``text`` into the text field identified by ``locator``.</doc>
<msg timestamp="20210817 18:34:17.420" level="INFO">Typing text 'produtoNãoExistente' into text field 'id=search_query_top'.</msg>
<status status="PASS" starttime="20210817 18:34:17.419" endtime="20210817 18:34:17.512"/>
</kw>
<status status="PASS" starttime="20210817 18:34:17.419" endtime="20210817 18:34:17.512"/>
</kw>
<kw name="Clicar no botão de pesquisar" library="Resource">
<kw name="Click Element" library="SeleniumLibrary">
<arg>name=submit_search</arg>
<doc>Click the element identified by ``locator``.</doc>
<msg timestamp="20210817 18:34:17.513" level="INFO">Clicking element 'name=submit_search'.</msg>
<status status="PASS" starttime="20210817 18:34:17.513" endtime="20210817 18:34:17.567"/>
</kw>
<status status="PASS" starttime="20210817 18:34:17.512" endtime="20210817 18:34:17.567"/>
</kw>
<kw name="Conferir mensagem de erro &quot;No results were found for your search &quot;produtoNãoExistente&quot;&quot;" library="Resource" sourcename="Conferir mensagem de erro &quot;${mensagem_alert}&quot;">
<kw name="Wait Until Element Is Visible" library="SeleniumLibrary">
<arg>//*[@id="center_column"]/p[@class='alert alert-warning']</arg>
<doc>Waits until the element ``locator`` is visible.</doc>
<status status="PASS" starttime="20210817 18:34:17.568" endtime="20210817 18:34:19.488"/>
</kw>
<kw name="Element Text Should Be" library="SeleniumLibrary">
<arg>//*[@id="center_column"]/p[@class='alert alert-warning']</arg>
<arg>${mensagem_alert}</arg>
<doc>Verifies that element ``locator`` contains exact the text ``expected``.</doc>
<msg timestamp="20210817 18:34:19.488" level="INFO">Verifying element '//*[@id="center_column"]/p[@class='alert alert-warning']' contains exact text 'No results were found for your search "produtoNãoExistente"'.</msg>
<status status="PASS" starttime="20210817 18:34:19.488" endtime="20210817 18:34:19.503"/>
</kw>
<status status="PASS" starttime="20210817 18:34:17.568" endtime="20210817 18:34:19.503"/>
</kw>
<kw name="FecharNavegador" library="Resource" type="TEARDOWN">
<kw name="Close Browser" library="SeleniumLibrary">
<doc>Closes the current browser.</doc>
<status status="PASS" starttime="20210817 18:34:19.504" endtime="20210817 18:34:19.563"/>
</kw>
<status status="PASS" starttime="20210817 18:34:19.503" endtime="20210817 18:34:19.563"/>
</kw>
<status status="PASS" starttime="20210817 18:34:08.967" endtime="20210817 18:34:19.563"/>
</test>
<status status="PASS" starttime="20210817 18:33:59.808" endtime="20210817 18:34:19.564"/>
</suite>
<statistics>
<total>
<stat pass="2" fail="0" skip="0">All Tests</stat>
</total>
<tag>
</tag>
<suite>
<stat pass="2" fail="0" skip="0" id="s1" name="testSitePratice">testSitePratice</stat>
</suite>
</statistics>
<errors>
</errors>
</robot>
